Построение начато 29.07.2017 18:58:59.
     1>Проект "C:\Users\oleg\Desktop\cpp_projects\Polynom\Polynom\Polynom.vcxproj" в узле 2 (целевые объекты build).
     1>InitializeBuildStatus:
         Создание "Debug\Polynom.unsuccessfulbuild", так как было задано "AlwaysCreate".
       ClCompile:
         C:\Program Files (x86)\Microsoft Visual Studio 10.0\VC\bin\CL.exe /c /ZI /nologo /W3 /WX- /Od /Oy- /D _MBCS /Gm /EHsc /RTC1 /MDd /GS /fp:precise /Zc:wchar_t /Zc:forScope /Fo"Debug\\" /Fd"Debug\vc100.pdb" /Gd /TP /analyze- /errorReport:prompt Polynom.cpp main.cpp
         Polynom.cpp
         Создание кода...
         Пропуск... (изменения не обнаружены)
         main.cpp
       Link:
         C:\Program Files (x86)\Microsoft Visual Studio 10.0\VC\bin\link.exe /ERRORREPORT:PROMPT /OUT:"C:\Users\oleg\Desktop\cpp_projects\Polynom\Debug\Polynom.exe" /NOLOGO kernel32.lib user32.lib gdi32.lib winspool.lib comdlg32.lib advapi32.lib shell32.lib ole32.lib oleaut32.lib uuid.lib odbc32.lib odbccp32.lib /MANIFEST /ManifestFile:"Debug\Polynom.exe.intermediate.manifest" /MANIFESTUAC:"level='asInvoker' uiAccess='false'" /DEBUG /PDB:"C:\Users\oleg\Desktop\cpp_projects\Polynom\Debug\Polynom.pdb" /TLBID:1 /DYNAMICBASE /NXCOMPAT /IMPLIB:"C:\Users\oleg\Desktop\cpp_projects\Polynom\Debug\Polynom.lib" /MACHINE:X86 Debug\main.obj
         Debug\Polynom.obj
         LINK : не найден или не выполнена сборка C:\Users\oleg\Desktop\cpp_projects\Polynom\Debug\Polynom.exe при последней инкрементной компоновке; выполняется полная компоновка
         Polynom.vcxproj -> C:\Users\oleg\Desktop\cpp_projects\Polynom\Debug\Polynom.exe
       Manifest:
         C:\Program Files (x86)\Microsoft SDKs\Windows\v7.0A\bin\mt.exe /nologo /verbose /outputresource:"C:\Users\oleg\Desktop\cpp_projects\Polynom\Debug\Polynom.exe;#1" /manifest Debug\Polynom.exe.intermediate.manifest
       FinalizeBuildStatus:
         Файл "Debug\Polynom.unsuccessfulbuild" удаляется.
         Обращение к "Debug\Polynom.lastbuildstate".
     1>Построение проекта "C:\Users\oleg\Desktop\cpp_projects\Polynom\Polynom\Polynom.vcxproj" завершено (целевые объекты build).

Построение успешно завершено.

Затраченное время: 00:00:00.88
