Построение начато 15.01.2017 16:58:08.
     1>Проект "D:\Задачи по ЯТП\Задачи\Задача 4\zadanie4\zadanie4\zadanie4.vcxproj" в узле 2 (целевые объекты build).
     1>InitializeBuildStatus:
         Создание "Debug\zadanie4.unsuccessfulbuild", так как было задано "AlwaysCreate".
       ClCompile:
         C:\Program Files (x86)\Microsoft Visual Studio 10.0\VC\bin\CL.exe /c /ZI /nologo /W3 /WX- /Od /Oy- /D _MBCS /Gm /EHsc /RTC1 /MDd /GS /fp:precise /Zc:wchar_t /Zc:forScope /Fo"Debug\\" /Fd"Debug\vc100.pdb" /Gd /TP /analyze- /errorReport:prompt zadanie4.cpp
         zadanie4.cpp
     1>d:\задачи по ятп\задачи\задача 4\zadanie4\zadanie4\zadanie4.cpp(15): warning C4101: y_word: неиспользованная локальная переменная
       Link:
         C:\Program Files (x86)\Microsoft Visual Studio 10.0\VC\bin\link.exe /ERRORREPORT:PROMPT /OUT:"D:\Задачи по ЯТП\Задачи\Задача 4\zadanie4\Debug\zadanie4.exe" /NOLOGO kernel32.lib user32.lib gdi32.lib winspool.lib comdlg32.lib advapi32.lib shell32.lib ole32.lib oleaut32.lib uuid.lib odbc32.lib odbccp32.lib /MANIFEST /ManifestFile:"Debug\zadanie4.exe.intermediate.manifest" /MANIFESTUAC:"level='asInvoker' uiAccess='false'" /DEBUG /PDB:"D:\Задачи по ЯТП\Задачи\Задача 4\zadanie4\Debug\zadanie4.pdb" /TLBID:1 /DYNAMICBASE /NXCOMPAT /IMPLIB:"D:\Задачи по ЯТП\Задачи\Задача 4\zadanie4\Debug\zadanie4.lib" /MACHINE:X86 Debug\zadanie4.obj
         LINK : не найден или не выполнена сборка D:\Задачи по ЯТП\Задачи\Задача 4\zadanie4\Debug\zadanie4.exe при последней инкрементной компоновке; выполняется полная компоновка
         zadanie4.vcxproj -> D:\Задачи по ЯТП\Задачи\Задача 4\zadanie4\Debug\zadanie4.exe
       Manifest:
         C:\Program Files (x86)\Microsoft SDKs\Windows\v7.0A\bin\mt.exe /nologo /verbose /outputresource:"D:\Задачи по ЯТП\Задачи\Задача 4\zadanie4\Debug\zadanie4.exe;#1" /manifest Debug\zadanie4.exe.intermediate.manifest
       FinalizeBuildStatus:
         Файл "Debug\zadanie4.unsuccessfulbuild" удаляется.
         Обращение к "Debug\zadanie4.lastbuildstate".
     1>Построение проекта "D:\Задачи по ЯТП\Задачи\Задача 4\zadanie4\zadanie4\zadanie4.vcxproj" завершено (целевые объекты build).

Построение успешно завершено.

Затраченное время: 00:00:00.64
