Построение начато 09.07.2017 20:13:40.
     1>Проект "C:\Users\oleg\Desktop\cpp_projects\vector\vector\vector.vcxproj" в узле 2 (целевые объекты build).
     1>InitializeBuildStatus:
         Создание "Debug\vector.unsuccessfulbuild", так как было задано "AlwaysCreate".
       ClCompile:
         C:\Program Files (x86)\Microsoft Visual Studio 10.0\VC\bin\CL.exe /c /ZI /nologo /W3 /WX- /Od /Oy- /D _MBCS /Gm /EHsc /RTC1 /MDd /GS /fp:precise /Zc:wchar_t /Zc:forScope /Fo"Debug\\" /Fd"Debug\vc100.pdb" /Gd /TP /analyze- /errorReport:prompt vector.cpp
         vector.cpp
       Link:
         C:\Program Files (x86)\Microsoft Visual Studio 10.0\VC\bin\link.exe /ERRORREPORT:PROMPT /OUT:"C:\Users\oleg\Desktop\cpp_projects\vector\Debug\vector.exe" /NOLOGO kernel32.lib user32.lib gdi32.lib winspool.lib comdlg32.lib advapi32.lib shell32.lib ole32.lib oleaut32.lib uuid.lib odbc32.lib odbccp32.lib /MANIFEST /ManifestFile:"Debug\vector.exe.intermediate.manifest" /MANIFESTUAC:"level='asInvoker' uiAccess='false'" /DEBUG /PDB:"C:\Users\oleg\Desktop\cpp_projects\vector\Debug\vector.pdb" /TLBID:1 /DYNAMICBASE /NXCOMPAT /IMPLIB:"C:\Users\oleg\Desktop\cpp_projects\vector\Debug\vector.lib" /MACHINE:X86 Debug\main.obj
         Debug\vector.obj
         LINK : не найден или не выполнена сборка C:\Users\oleg\Desktop\cpp_projects\vector\Debug\vector.exe при последней инкрементной компоновке; выполняется полная компоновка
         vector.vcxproj -> C:\Users\oleg\Desktop\cpp_projects\vector\Debug\vector.exe
       Manifest:
         C:\Program Files (x86)\Microsoft SDKs\Windows\v7.0A\bin\mt.exe /nologo /verbose /outputresource:"C:\Users\oleg\Desktop\cpp_projects\vector\Debug\vector.exe;#1" /manifest Debug\vector.exe.intermediate.manifest
       FinalizeBuildStatus:
         Файл "Debug\vector.unsuccessfulbuild" удаляется.
         Обращение к "Debug\vector.lastbuildstate".
     1>Построение проекта "C:\Users\oleg\Desktop\cpp_projects\vector\vector\vector.vcxproj" завершено (целевые объекты build).

Построение успешно завершено.

Затраченное время: 00:00:00.71
