Построение начато 03.01.2017 16:00:54.
     1>Проект "c:\Users\oleg\documents\visual studio 2010\Projects\Z4\Z4\Z4.vcxproj" в узле 2 (целевые объекты build).
     1>PrepareForBuild:
         Создание каталога "c:\users\oleg\documents\visual studio 2010\Projects\Z4\Debug\".
       InitializeBuildStatus:
         Создание "Debug\Z4.unsuccessfulbuild", так как было задано "AlwaysCreate".
       ClCompile:
         C:\Program Files (x86)\Microsoft Visual Studio 10.0\VC\bin\CL.exe /c /ZI /nologo /W3 /WX- /Od /Oy- /D WIN32 /D _DEBUG /D _CONSOLE /D _UNICODE /D UNICODE /Gm /EHsc /RTC1 /MDd /GS /fp:precise /Zc:wchar_t /Zc:forScope /Fo"Debug\\" /Fd"Debug\vc100.pdb" /Gd /TP /analyze- /errorReport:prompt Z3.cpp
         Z3.cpp
       ManifestResourceCompile:
         C:\Program Files (x86)\Microsoft SDKs\Windows\v7.0A\bin\rc.exe /nologo /fo"Debug\Z4.exe.embed.manifest.res" Debug\Z4_manifest.rc 
       Link:
         C:\Program Files (x86)\Microsoft Visual Studio 10.0\VC\bin\link.exe /ERRORREPORT:PROMPT /OUT:"c:\users\oleg\documents\visual studio 2010\Projects\Z4\Debug\Z4.exe" /INCREMENTAL /NOLOGO kernel32.lib user32.lib gdi32.lib winspool.lib comdlg32.lib advapi32.lib shell32.lib ole32.lib oleaut32.lib uuid.lib odbc32.lib odbccp32.lib /MANIFEST /ManifestFile:"Debug\Z4.exe.intermediate.manifest" /MANIFESTUAC:"level='asInvoker' uiAccess='false'" /DEBUG /PDB:"c:\users\oleg\documents\visual studio 2010\Projects\Z4\Debug\Z4.pdb" /SUBSYSTEM:CONSOLE /TLBID:1 /DYNAMICBASE /NXCOMPAT /IMPLIB:"c:\users\oleg\documents\visual studio 2010\Projects\Z4\Debug\Z4.lib" /MACHINE:X86 Debug\Z4.exe.embed.manifest.res
         Debug\Z3.obj
       Manifest:
         C:\Program Files (x86)\Microsoft SDKs\Windows\v7.0A\bin\mt.exe /nologo /verbose /out:"Debug\Z4.exe.embed.manifest" /manifest Debug\Z4.exe.intermediate.manifest
         C:\Program Files (x86)\Microsoft SDKs\Windows\v7.0A\bin\rc.exe /nologo /fo"Debug\Z4.exe.embed.manifest.res" Debug\Z4_manifest.rc 
       LinkEmbedManifest:
         C:\Program Files (x86)\Microsoft Visual Studio 10.0\VC\bin\link.exe /ERRORREPORT:PROMPT /OUT:"c:\users\oleg\documents\visual studio 2010\Projects\Z4\Debug\Z4.exe" /INCREMENTAL /NOLOGO kernel32.lib user32.lib gdi32.lib winspool.lib comdlg32.lib advapi32.lib shell32.lib ole32.lib oleaut32.lib uuid.lib odbc32.lib odbccp32.lib /MANIFEST /ManifestFile:"Debug\Z4.exe.intermediate.manifest" /MANIFESTUAC:"level='asInvoker' uiAccess='false'" /DEBUG /PDB:"c:\users\oleg\documents\visual studio 2010\Projects\Z4\Debug\Z4.pdb" /SUBSYSTEM:CONSOLE /TLBID:1 /DYNAMICBASE /NXCOMPAT /IMPLIB:"c:\users\oleg\documents\visual studio 2010\Projects\Z4\Debug\Z4.lib" /MACHINE:X86 Debug\Z4.exe.embed.manifest.res
         Debug\Z3.obj
         Z4.vcxproj -> c:\users\oleg\documents\visual studio 2010\Projects\Z4\Debug\Z4.exe
       FinalizeBuildStatus:
         Файл "Debug\Z4.unsuccessfulbuild" удаляется.
         Обращение к "Debug\Z4.lastbuildstate".
     1>Построение проекта "c:\Users\oleg\documents\visual studio 2010\Projects\Z4\Z4\Z4.vcxproj" завершено (целевые объекты build).

Построение успешно завершено.

Затраченное время: 00:00:00.99
